not found
The number is lower than the previous
not found
The number is lower than the previous
not found
The number is greater than the previous
not found
The number is lower than the previous
not found
The number is greater than the previous
not found
The number is lower than the previous
not found
The number is greater than the previous
not found
The number is lower than the previous
not found
The number is greater than the previous
not found
The number is lower than the previous
not found
The number is greater than the previous
not found
The number is lower than the previous
not found
The number is greater than the previous
not found
The number is lower than the previous
not found
The number is greater than the previous
not found
The number is lower than the previous
not found
The number is greater than the previous
not found
The number is lower than the previous
not found
The number is greater than the previous
not found
The number is lower than the previous
not found
The number is greater than the previous
not found
The number is lower than the previous
not found
The number is greater than the previous
not found
The number is lower than the previous
not found
The number is greater than the previous
not found
The number is lower than the previous
not found
The number is greater than the previous
not found
The number is lower than the previous
not found
The number is greater than the previous
not found
The number is lower than the previous
not found
The number is greater than the previous
not found
The number is lower than the previous
not found
The number is greater than the previous
not found
The number is lower than the previous
not found
The number is greater than the previous
not found
The number is lower than the previous
not found
The number is greater than the previous
not found
The number is lower than the previous
not found
The number is greater than the previous
not found
The number is lower than the previous
not found
The number is greater than the previous
not found
The number is lower than the previous
not found
The number is greater than the previous
not found
The number is lower than the previous
not found
The number is greater than the previous
not found
The number is lower than the previous
not found
The number is greater than the previous
not found
The number is lower than the previous
not found
The number is greater than the previous
not found
The number is lower than the previous
not found
The number is greater than the previous
not found
The number is lower than the previous
not found
The number is greater than the previous
not found
The number is lower than the previous
not found
The number is greater than the previous
not found
The number is lower than the previous
not found
The number is lower than the previous
not found
The number is greater than the previous
not found
The number is greater than the previous
not found
The number is greater than the previous
not found
The number is greater than the previous
not found
The number is lower than the previous
not found
The number is greater than the previous
not found
The number is lower than the previous
Found
2022-10-10 15:27:39:74 simulation Found
2022-10-10 15:27:39:79 simulation end
2022-10-10 15:27:59:25 simulation Found
2022-10-10 15:27:59:32 simulation end
2022-10-10 15:46:16:48 simulation Found
2022-10-10 15:46:16:52 simulation end
2022-10-10 15:56:34:61 simulation Found
2022-10-10 15:56:34:64 simulation end
2022-10-10 16:06:39:16 simulation Found
2022-10-10 16:06:39:20 simulation end
2022-10-10 16:12:24:94 simulation Found
2022-10-10 16:12:24:97 simulation end
2022-10-10 16:15:03:19 simulation Found
2022-10-10 16:15:03:22 simulation end
"2022-10-10 16:24:34.403" simulation Found
"2022-10-10 16:24:34.435" simulation end
"2022-10-10 16:29:18.563" simulation Found
"2022-10-10 16:29:18.595" simulation end
"2022-10-10 16:43:41.638" simulation Found
"2022-10-10 16:43:41.671" simulation end
"2022-10-10 16:45:52.448" simulation Found
"2022-10-10 16:45:52.499" simulation end
"2022-10-10 19:10:53.462" simulation Found
"2022-10-10 19:10:53.543" simulation end
"2022-10-10 19:18:21.113" simulation Found
"2022-10-10 19:18:21.196" simulation end
"2022-10-10 19:22:22.521" simulation Found
"2022-10-10 19:22:22.587" simulation end
